[debug] [2024-03-20T14:51:18.334Z] ----------------------------------------------------------------------
[debug] [2024-03-20T14:51:18.337Z] Command:       C:\Program Files\nodejs\node.exe C:\Users\48600\AppData\Roaming\npm\node_modules\firebase-tools\lib\bin\firebase.js emulators:start
[debug] [2024-03-20T14:51:18.337Z] CLI Version:   13.5.1
[debug] [2024-03-20T14:51:18.338Z] Platform:      win32
[debug] [2024-03-20T14:51:18.338Z] Node Version:  v20.11.1
[debug] [2024-03-20T14:51:18.338Z] Time:          Wed Mar 20 2024 15:51:18 GMT+0100 (czas środkowoeuropejski standardowy)
[debug] [2024-03-20T14:51:18.338Z] ----------------------------------------------------------------------
[debug] 
[debug] [2024-03-20T14:51:18.476Z] > command requires scopes: ["email","openid","https://www.googleapis.com/auth/cloudplatformprojects.readonly","https://www.googleapis.com/auth/firebase","https://www.googleapis.com/auth/cloud-platform"]
[debug] [2024-03-20T14:51:18.477Z] > authorizing via signed-in user (przemyslawrak8@gmail.com)
[debug] [2024-03-20T14:51:18.591Z] java version "17.0.1" 2021-10-19 LTS
Java(TM) SE Runtime Environment (build 17.0.1+12-LTS-39)

[debug] [2024-03-20T14:51:18.592Z] Java HotSpot(TM) 64-Bit Server VM (build 17.0.1+12-LTS-39, mixed mode, sharing)

[debug] [2024-03-20T14:51:18.624Z] Parsed Java major version: 17
[info] i  emulators: Starting emulators: auth, firestore, hosting {"metadata":{"emulator":{"name":"hub"},"message":"Starting emulators: auth, firestore, hosting"}}
[debug] [2024-03-20T14:51:18.637Z] [logging] Logging Emulator only supports listening on one address (127.0.0.1). Not listening on ::1
[debug] [2024-03-20T14:51:18.638Z] [auth] Authentication Emulator only supports listening on one address (127.0.0.1). Not listening on ::1
[debug] [2024-03-20T14:51:18.638Z] [firestore] Firestore Emulator only supports listening on one address (127.0.0.1). Not listening on ::1
[debug] [2024-03-20T14:51:18.638Z] [firestore.websocket] websocket server for firestore only supports listening on one address (127.0.0.1). Not listening on ::1
[debug] [2024-03-20T14:51:18.638Z] [hosting] Hosting Emulator only supports listening on one address (127.0.0.1). Not listening on ::1
[debug] [2024-03-20T14:51:18.638Z] assigned listening specs for emulators {"user":{"hub":[{"address":"127.0.0.1","family":"IPv4","port":4400},{"address":"::1","family":"IPv6","port":4400}],"ui":[{"address":"127.0.0.1","family":"IPv4","port":4000},{"address":"::1","family":"IPv6","port":4000}],"logging":[{"address":"127.0.0.1","family":"IPv4","port":4500}],"auth":[{"address":"127.0.0.1","family":"IPv4","port":9099}],"firestore":[{"address":"127.0.0.1","family":"IPv4","port":8080}],"firestore.websocket":[{"address":"127.0.0.1","family":"IPv4","port":9150}],"hosting":[{"address":"127.0.0.1","family":"IPv4","port":5000}]},"metadata":{"message":"assigned listening specs for emulators"}}
[debug] [2024-03-20T14:51:18.644Z] [hub] writing locator at C:\Users\48600\AppData\Local\Temp\hub-psychologistwebsite.json
[debug] [2024-03-20T14:51:18.654Z] >>> [apiv2][query] GET https://firebase.googleapis.com/v1beta1/projects/psychologistwebsite [none]
[debug] [2024-03-20T14:51:18.986Z] <<< [apiv2][status] GET https://firebase.googleapis.com/v1beta1/projects/psychologistwebsite 200
[debug] [2024-03-20T14:51:18.986Z] <<< [apiv2][body] GET https://firebase.googleapis.com/v1beta1/projects/psychologistwebsite {"projectId":"psychologistwebsite","projectNumber":"198413188626","displayName":"psychologistWebsite","name":"projects/psychologistwebsite","resources":{"hostingSite":"psychologistwebsite"},"state":"ACTIVE","etag":"1_652782ce-6908-48e1-811c-a034ef216a79"}
[debug] [2024-03-20T14:51:23.883Z] >>> [apiv2][query] GET https://firebasehosting.googleapis.com/v1beta1/projects/psychologistwebsite/sites pageToken=&pageSize=10
[debug] [2024-03-20T14:51:25.088Z] <<< [apiv2][status] GET https://firebasehosting.googleapis.com/v1beta1/projects/psychologistwebsite/sites 200
[debug] [2024-03-20T14:51:25.089Z] <<< [apiv2][body] GET https://firebasehosting.googleapis.com/v1beta1/projects/psychologistwebsite/sites {"sites":[{"name":"projects/psychologistwebsite/sites/psychologistwebsite","defaultUrl":"https://psychologistwebsite.web.app","type":"DEFAULT_SITE"}]}
[debug] [2024-03-20T14:51:25.090Z] >>> [apiv2][query] GET https://firebasehosting.googleapis.com/v1beta1/projects/psychologistwebsite/sites 
[debug] [2024-03-20T14:51:25.648Z] <<< [apiv2][status] GET https://firebasehosting.googleapis.com/v1beta1/projects/psychologistwebsite/sites 200
[debug] [2024-03-20T14:51:25.648Z] <<< [apiv2][body] GET https://firebasehosting.googleapis.com/v1beta1/projects/psychologistwebsite/sites {"sites":[{"name":"projects/psychologistwebsite/sites/psychologistwebsite","defaultUrl":"https://psychologistwebsite.web.app","type":"DEFAULT_SITE"}]}
[debug] [2024-03-20T14:51:25.648Z] >>> [apiv2][query] GET https://firebase.googleapis.com/v1beta1/projects/psychologistwebsite/webApps/-/config [none]
[debug] [2024-03-20T14:51:26.371Z] <<< [apiv2][status] GET https://firebase.googleapis.com/v1beta1/projects/psychologistwebsite/webApps/-/config 200
[debug] [2024-03-20T14:51:26.371Z] <<< [apiv2][body] GET https://firebase.googleapis.com/v1beta1/projects/psychologistwebsite/webApps/-/config {"projectId":"psychologistwebsite","storageBucket":"psychologistwebsite.appspot.com","apiKey":"AIzaSyD1JlNhaFctW-LmAT5Ubm3PMakxLNB6ztc","authDomain":"psychologistwebsite.firebaseapp.com","messagingSenderId":"198413188626"}
[info] 
   Thank you for trying our early preview of Angular support on Firebase Hosting.
   During the preview, support is best-effort and breaking changes can be expected. Proceed with caution.

   Documentation: https://firebase.google.com/docs/hosting/frameworks/angular
   File a bug: https://github.com/firebase/firebase-tools/issues/new?template=bug_report.md
   Submit a feature request: https://github.com/firebase/firebase-tools/issues/new?template=feature_request.md

   We'd love to learn from you. Express your interest in helping us shape the future of Firebase Hosting: https://goo.gle/41enW5X

[debug] [2024-03-20T14:52:21.599Z] [web frameworks] effective firebase.json:  {
  "hosting": [
    {
      "source": ".",
      "ignore": [
        "firebase.json",
        "**/.*",
        "**/node_modules/**"
      ],
      "frameworksBackend": {
        "region": "europe-west1"
      },
      "site": "psychologistwebsite",
      "rewrites": [
        {
          "source": "**",
          "function": {
            "functionId": "ssrpsychologistwebsite",
            "region": "europe-west1",
            "pinTag": true
          }
        }
      ],
      "redirects": [],
      "headers": [
        {
          "source": "**/*.[jt]s",
          "headers": [
            {
              "key": "Set-Cookie",
              "value": "__FIREBASE_DEFAULTS__=eyJlbXVsYXRvckhvc3RzIjp7ImF1dGgiOiIxMjcuMC4wLjE6OTA5OSIsImZpcmVzdG9yZSI6IjEyNy4wLjAuMTo4MDgwIn0sImNvbmZpZyI6eyJwcm9qZWN0SWQiOiJwc3ljaG9sb2dpc3R3ZWJzaXRlIiwic3RvcmFnZUJ1Y2tldCI6InBzeWNob2xvZ2lzdHdlYnNpdGUuYXBwc3BvdC5jb20iLCJhcGlLZXkiOiJBSXphU3lEMUpsTmhhRmN0Vy1MbUFUNVVibTNQTWFreExOQjZ6dGMiLCJhdXRoRG9tYWluIjoicHN5Y2hvbG9naXN0d2Vic2l0ZS5maXJlYmFzZWFwcC5jb20iLCJtZXNzYWdpbmdTZW5kZXJJZCI6IjE5ODQxMzE4ODYyNiJ9LCJfYXV0aFRva2VuU3luY1VSTCI6Ii9fX3Nlc3Npb24ifQ; SameSite=Strict; Expires=2026-02-13T01:32:21.599Z; Path=/;"
            }
          ]
        }
      ],
      "cleanUrls": true,
      "public": ".firebase\\psychologistwebsite\\hosting",
      "webFramework": "angular_ssr"
    }
  ],
  "functions": [
    {
      "source": ".firebase\\psychologistwebsite\\functions",
      "codebase": "firebase-frameworks-psychologistwebsite"
    }
  ]
}
[debug] [2024-03-20T14:52:21.605Z] [functions] Functions Emulator only supports listening on one address (127.0.0.1). Not listening on ::1
[debug] [2024-03-20T14:52:21.606Z] [eventarc] Eventarc Emulator only supports listening on one address (127.0.0.1). Not listening on ::1
[debug] [2024-03-20T14:52:21.606Z] late-assigned ports for functions and eventarc emulators {"user":{"hub":[{"address":"127.0.0.1","family":"IPv4","port":4400},{"address":"::1","family":"IPv6","port":4400}],"ui":[{"address":"127.0.0.1","family":"IPv4","port":4000},{"address":"::1","family":"IPv6","port":4000}],"logging":[{"address":"127.0.0.1","family":"IPv4","port":4500}],"auth":[{"address":"127.0.0.1","family":"IPv4","port":9099}],"firestore":[{"address":"127.0.0.1","family":"IPv4","port":8080}],"firestore.websocket":[{"address":"127.0.0.1","family":"IPv4","port":9150}],"hosting":[{"address":"127.0.0.1","family":"IPv4","port":5000}],"functions":[{"address":"127.0.0.1","family":"IPv4","port":5001}],"eventarc":[{"address":"127.0.0.1","family":"IPv4","port":9299}]},"metadata":{"message":"late-assigned ports for functions and eventarc emulators"}}
[warn] !  functions: The following emulators are not running, calls to these services from the Functions emulator will affect production: database, pubsub, storage {"metadata":{"emulator":{"name":"functions"},"message":"The following emulators are not running, calls to these services from the Functions emulator will affect production: \u001b[1mdatabase, pubsub, storage\u001b[22m"}}
[debug] [2024-03-20T14:52:21.614Z] defaultcredentials: writing to file C:\Users\48600\AppData\Roaming\firebase\przemyslawrak8_gmail_com_application_default_credentials.json
[debug] [2024-03-20T14:52:21.617Z] Setting GAC to C:\Users\48600\AppData\Roaming\firebase\przemyslawrak8_gmail_com_application_default_credentials.json {"metadata":{"emulator":{"name":"functions"},"message":"Setting GAC to C:\\Users\\48600\\AppData\\Roaming\\firebase\\przemyslawrak8_gmail_com_application_default_credentials.json"}}
[debug] [2024-03-20T14:52:21.618Z] >>> [apiv2][query] GET https://firebase.googleapis.com/v1beta1/projects/psychologistwebsite/adminSdkConfig [none]
[debug] [2024-03-20T14:52:21.938Z] <<< [apiv2][status] GET https://firebase.googleapis.com/v1beta1/projects/psychologistwebsite/adminSdkConfig 200
[debug] [2024-03-20T14:52:21.938Z] <<< [apiv2][body] GET https://firebase.googleapis.com/v1beta1/projects/psychologistwebsite/adminSdkConfig {"projectId":"psychologistwebsite","storageBucket":"psychologistwebsite.appspot.com"}
[warn] !  firestore: Cloud Firestore Emulator does not support multiple databases yet. {"metadata":{"emulator":{"name":"firestore"},"message":"Cloud Firestore Emulator does not support multiple databases yet."}}
[warn] !  firestore: Did not find a Cloud Firestore rules file specified in a firebase.json config file. {"metadata":{"emulator":{"name":"firestore"},"message":"Did not find a Cloud Firestore rules file specified in a firebase.json config file."}}
[warn] !  firestore: The emulator will default to allowing all reads and writes. Learn more about this option: https://firebase.google.com/docs/emulator-suite/install_and_configure#security_rules_configuration. {"metadata":{"emulator":{"name":"firestore"},"message":"The emulator will default to allowing all reads and writes. Learn more about this option: https://firebase.google.com/docs/emulator-suite/install_and_configure#security_rules_configuration."}}
[debug] [2024-03-20T14:52:21.967Z] Ignoring unsupported arg: auto_download {"metadata":{"emulator":{"name":"firestore"},"message":"Ignoring unsupported arg: auto_download"}}
[debug] [2024-03-20T14:52:21.967Z] Ignoring unsupported arg: single_project_mode_error {"metadata":{"emulator":{"name":"firestore"},"message":"Ignoring unsupported arg: single_project_mode_error"}}
[debug] [2024-03-20T14:52:21.967Z] Starting Firestore Emulator with command {"binary":"java","args":["-Dgoogle.cloud_firestore.debug_log_level=FINE","-Duser.language=en","-jar","C:\\Users\\48600\\.cache\\firebase\\emulators\\cloud-firestore-emulator-v1.19.3.jar","--host","127.0.0.1","--port",8080,"--websocket_port",9150,"--project_id","psychologistwebsite","--single_project_mode",true,"--functions_emulator","127.0.0.1:5001"],"optionalArgs":["port","webchannel_port","host","rules","websocket_port","functions_emulator","seed_from_export","project_id","single_project_mode"],"joinArgs":false} {"metadata":{"emulator":{"name":"firestore"},"message":"Starting Firestore Emulator with command {\"binary\":\"java\",\"args\":[\"-Dgoogle.cloud_firestore.debug_log_level=FINE\",\"-Duser.language=en\",\"-jar\",\"C:\\\\Users\\\\48600\\\\.cache\\\\firebase\\\\emulators\\\\cloud-firestore-emulator-v1.19.3.jar\",\"--host\",\"127.0.0.1\",\"--port\",8080,\"--websocket_port\",9150,\"--project_id\",\"psychologistwebsite\",\"--single_project_mode\",true,\"--functions_emulator\",\"127.0.0.1:5001\"],\"optionalArgs\":[\"port\",\"webchannel_port\",\"host\",\"rules\",\"websocket_port\",\"functions_emulator\",\"seed_from_export\",\"project_id\",\"single_project_mode\"],\"joinArgs\":false}"}}
[info] i  firestore: Firestore Emulator logging to firestore-debug.log {"metadata":{"emulator":{"name":"firestore"},"message":"Firestore Emulator logging to \u001b[1mfirestore-debug.log\u001b[22m"}}
[info] +  firestore: Firestore Emulator UI websocket is running on 9150. {"metadata":{"emulator":{"name":"firestore"},"message":"Firestore Emulator UI websocket is running on 9150."}}
[debug] [2024-03-20T14:52:32.712Z] >>> [apiv2][query] GET https://firebasehosting.googleapis.com/v1beta1/projects/psychologistwebsite/sites 
[debug] [2024-03-20T14:52:33.979Z] <<< [apiv2][status] GET https://firebasehosting.googleapis.com/v1beta1/projects/psychologistwebsite/sites 200
[debug] [2024-03-20T14:52:33.979Z] <<< [apiv2][body] GET https://firebasehosting.googleapis.com/v1beta1/projects/psychologistwebsite/sites {"sites":[{"name":"projects/psychologistwebsite/sites/psychologistwebsite","defaultUrl":"https://psychologistwebsite.web.app","type":"DEFAULT_SITE"}]}
[debug] [2024-03-20T14:52:33.980Z] >>> [apiv2][query] GET https://firebase.googleapis.com/v1beta1/projects/psychologistwebsite/webApps/-/config [none]
[debug] [2024-03-20T14:52:34.626Z] <<< [apiv2][status] GET https://firebase.googleapis.com/v1beta1/projects/psychologistwebsite/webApps/-/config 200
[debug] [2024-03-20T14:52:34.627Z] <<< [apiv2][body] GET https://firebase.googleapis.com/v1beta1/projects/psychologistwebsite/webApps/-/config {"projectId":"psychologistwebsite","storageBucket":"psychologistwebsite.appspot.com","apiKey":"AIzaSyD1JlNhaFctW-LmAT5Ubm3PMakxLNB6ztc","authDomain":"psychologistwebsite.firebaseapp.com","messagingSenderId":"198413188626"}
[info] i  hosting[psychologistwebsite]: Serving hosting files from: .firebase\psychologistwebsite\hosting {"metadata":{"emulator":{"name":"hosting"},"message":"Serving hosting files from: \u001b[1m.firebase\\psychologistwebsite\\hosting\u001b[22m"}}
[info] +  hosting[psychologistwebsite]: Local server: http://127.0.0.1:5000 {"metadata":{"emulator":{"name":"hosting"},"message":"Local server: \u001b[4m\u001b[1mhttp://127.0.0.1:5000\u001b[22m\u001b[24m"}}
[info] i  ui: downloading ui-v1.11.8.zip... {"metadata":{"emulator":{"name":"ui"},"message":"downloading ui-v1.11.8.zip..."}}
[debug] [2024-03-20T14:52:34.711Z] >>> [apiv2][query] GET https://storage.googleapis.com/firebase-preview-drop/emulator/ui-v1.11.8.zip 
[debug] [2024-03-20T14:52:34.805Z] <<< [apiv2][status] GET https://storage.googleapis.com/firebase-preview-drop/emulator/ui-v1.11.8.zip 200
[debug] [2024-03-20T14:52:34.806Z] <<< [apiv2][body] GET https://storage.googleapis.com/firebase-preview-drop/emulator/ui-v1.11.8.zip [stream]
[debug] [2024-03-20T14:52:35.196Z] Data is 3523907
[debug] [2024-03-20T14:52:35.196Z] [unzip] Entry: client/ (compressed_size=0 bytes, uncompressed_size=0 bytes)
[debug] [2024-03-20T14:52:35.196Z] [unzip] Processing entry: client\
[debug] [2024-03-20T14:52:35.196Z] [unzip] mkdir: C:\Users\48600\.cache\firebase\emulators\ui-v1.11.8\client\
[debug] [2024-03-20T14:52:35.198Z] [unzip] Entry: client/favicon.ico (compressed_size=2497 bytes, uncompressed_size=7406 bytes)
[debug] [2024-03-20T14:52:35.198Z] [unzip] Processing entry: client\favicon.ico
[debug] [2024-03-20T14:52:35.198Z] [unzip] else mkdir: C:\Users\48600\.cache\firebase\emulators\ui-v1.11.8\client
[debug] [2024-03-20T14:52:35.199Z] [unzip] deflating: C:\Users\48600\.cache\firebase\emulators\ui-v1.11.8\client\favicon.ico
[debug] [2024-03-20T14:52:35.203Z] [unzip] Entry: client/apple-touch-icon.png (compressed_size=7231 bytes, uncompressed_size=7367 bytes)
[debug] [2024-03-20T14:52:35.203Z] [unzip] Processing entry: client\apple-touch-icon.png
[debug] [2024-03-20T14:52:35.203Z] [unzip] else mkdir: C:\Users\48600\.cache\firebase\emulators\ui-v1.11.8\client
[debug] [2024-03-20T14:52:35.204Z] [unzip] deflating: C:\Users\48600\.cache\firebase\emulators\ui-v1.11.8\client\apple-touch-icon.png
[debug] [2024-03-20T14:52:35.206Z] [unzip] Entry: client/android-chrome-512x512.png (compressed_size=16987 bytes, uncompressed_size=18186 bytes)
[debug] [2024-03-20T14:52:35.206Z] [unzip] Processing entry: client\android-chrome-512x512.png
[debug] [2024-03-20T14:52:35.206Z] [unzip] else mkdir: C:\Users\48600\.cache\firebase\emulators\ui-v1.11.8\client
[debug] [2024-03-20T14:52:35.206Z] [unzip] deflating: C:\Users\48600\.cache\firebase\emulators\ui-v1.11.8\client\android-chrome-512x512.png
[debug] [2024-03-20T14:52:35.208Z] [unzip] Entry: client/assets/ (compressed_size=0 bytes, uncompressed_size=0 bytes)
[debug] [2024-03-20T14:52:35.209Z] [unzip] Processing entry: client\assets\
[debug] [2024-03-20T14:52:35.209Z] [unzip] mkdir: C:\Users\48600\.cache\firebase\emulators\ui-v1.11.8\client\assets\
[debug] [2024-03-20T14:52:35.209Z] [unzip] Entry: client/assets/extensions/ (compressed_size=0 bytes, uncompressed_size=0 bytes)
[debug] [2024-03-20T14:52:35.209Z] [unzip] Processing entry: client\assets\extensions\
[debug] [2024-03-20T14:52:35.209Z] [unzip] mkdir: C:\Users\48600\.cache\firebase\emulators\ui-v1.11.8\client\assets\extensions\
[debug] [2024-03-20T14:52:35.210Z] [unzip] Entry: client/assets/extensions/default-extension.png (compressed_size=1646 bytes, uncompressed_size=1657 bytes)
[debug] [2024-03-20T14:52:35.210Z] [unzip] Processing entry: client\assets\extensions\default-extension.png
[debug] [2024-03-20T14:52:35.210Z] [unzip] else mkdir: C:\Users\48600\.cache\firebase\emulators\ui-v1.11.8\client\assets\extensions
[debug] [2024-03-20T14:52:35.210Z] [unzip] deflating: C:\Users\48600\.cache\firebase\emulators\ui-v1.11.8\client\assets\extensions\default-extension.png
[debug] [2024-03-20T14:52:35.212Z] [unzip] Entry: client/assets/index-Z4-ilXvq.js.map (compressed_size=2229704 bytes, uncompressed_size=9599487 bytes)
[debug] [2024-03-20T14:52:35.212Z] [unzip] Processing entry: client\assets\index-Z4-ilXvq.js.map
[debug] [2024-03-20T14:52:35.212Z] [unzip] else mkdir: C:\Users\48600\.cache\firebase\emulators\ui-v1.11.8\client\assets
[debug] [2024-03-20T14:52:35.213Z] [unzip] deflating: C:\Users\48600\.cache\firebase\emulators\ui-v1.11.8\client\assets\index-Z4-ilXvq.js.map
[debug] [2024-03-20T14:52:35.258Z] [unzip] Entry: client/assets/provider-icons/ (compressed_size=0 bytes, uncompressed_size=0 bytes)
[debug] [2024-03-20T14:52:35.258Z] [unzip] Processing entry: client\assets\provider-icons\
[debug] [2024-03-20T14:52:35.258Z] [unzip] mkdir: C:\Users\48600\.cache\firebase\emulators\ui-v1.11.8\client\assets\provider-icons\
[debug] [2024-03-20T14:52:35.259Z] [unzip] Entry: client/assets/provider-icons/auth_service_oidc.svg (compressed_size=414 bytes, uncompressed_size=858 bytes)
[debug] [2024-03-20T14:52:35.259Z] [unzip] Processing entry: client\assets\provider-icons\auth_service_oidc.svg
[debug] [2024-03-20T14:52:35.259Z] [unzip] else mkdir: C:\Users\48600\.cache\firebase\emulators\ui-v1.11.8\client\assets\provider-icons
[debug] [2024-03-20T14:52:35.259Z] [unzip] deflating: C:\Users\48600\.cache\firebase\emulators\ui-v1.11.8\client\assets\provider-icons\auth_service_oidc.svg
[debug] [2024-03-20T14:52:35.260Z] [unzip] Entry: client/assets/provider-icons/auth_service_yahoo.svg (compressed_size=577 bytes, uncompressed_size=1182 bytes)
[debug] [2024-03-20T14:52:35.260Z] [unzip] Processing entry: client\assets\provider-icons\auth_service_yahoo.svg
[debug] [2024-03-20T14:52:35.260Z] [unzip] else mkdir: C:\Users\48600\.cache\firebase\emulators\ui-v1.11.8\client\assets\provider-icons
[debug] [2024-03-20T14:52:35.261Z] [unzip] deflating: C:\Users\48600\.cache\firebase\emulators\ui-v1.11.8\client\assets\provider-icons\auth_service_yahoo.svg
[debug] [2024-03-20T14:52:35.262Z] [unzip] Entry: client/assets/provider-icons/auth_service_phone.svg (compressed_size=261 bytes, uncompressed_size=414 bytes)
[debug] [2024-03-20T14:52:35.262Z] [unzip] Processing entry: client\assets\provider-icons\auth_service_phone.svg
[debug] [2024-03-20T14:52:35.262Z] [unzip] else mkdir: C:\Users\48600\.cache\firebase\emulators\ui-v1.11.8\client\assets\provider-icons
[debug] [2024-03-20T14:52:35.262Z] [unzip] deflating: C:\Users\48600\.cache\firebase\emulators\ui-v1.11.8\client\assets\provider-icons\auth_service_phone.svg
[debug] [2024-03-20T14:52:35.263Z] [unzip] Entry: client/assets/provider-icons/auth_service_saml.svg (compressed_size=575 bytes, uncompressed_size=1226 bytes)
[debug] [2024-03-20T14:52:35.263Z] [unzip] Processing entry: client\assets\provider-icons\auth_service_saml.svg
[debug] [2024-03-20T14:52:35.263Z] [unzip] else mkdir: C:\Users\48600\.cache\firebase\emulators\ui-v1.11.8\client\assets\provider-icons
[debug] [2024-03-20T14:52:35.264Z] [unzip] deflating: C:\Users\48600\.cache\firebase\emulators\ui-v1.11.8\client\assets\provider-icons\auth_service_saml.svg
[debug] [2024-03-20T14:52:35.265Z] [unzip] Entry: client/assets/provider-icons/auth_service_mslive.svg (compressed_size=203 bytes, uncompressed_size=378 bytes)
[debug] [2024-03-20T14:52:35.265Z] [unzip] Processing entry: client\assets\provider-icons\auth_service_mslive.svg
[debug] [2024-03-20T14:52:35.265Z] [unzip] else mkdir: C:\Users\48600\.cache\firebase\emulators\ui-v1.11.8\client\assets\provider-icons
[debug] [2024-03-20T14:52:35.265Z] [unzip] deflating: C:\Users\48600\.cache\firebase\emulators\ui-v1.11.8\client\assets\provider-icons\auth_service_mslive.svg
[debug] [2024-03-20T14:52:35.266Z] [unzip] Entry: client/assets/provider-icons/auth_service_facebook.svg (compressed_size=289 bytes, uncompressed_size=457 bytes)
[debug] [2024-03-20T14:52:35.266Z] [unzip] Processing entry: client\assets\provider-icons\auth_service_facebook.svg
[debug] [2024-03-20T14:52:35.267Z] [unzip] else mkdir: C:\Users\48600\.cache\firebase\emulators\ui-v1.11.8\client\assets\provider-icons
[debug] [2024-03-20T14:52:35.267Z] [unzip] deflating: C:\Users\48600\.cache\firebase\emulators\ui-v1.11.8\client\assets\provider-icons\auth_service_facebook.svg
[debug] [2024-03-20T14:52:35.268Z] [unzip] Entry: client/assets/provider-icons/auth_service_play_games.svg (compressed_size=565 bytes, uncompressed_size=1173 bytes)
[debug] [2024-03-20T14:52:35.268Z] [unzip] Processing entry: client\assets\provider-icons\auth_service_play_games.svg
[debug] [2024-03-20T14:52:35.268Z] [unzip] else mkdir: C:\Users\48600\.cache\firebase\emulators\ui-v1.11.8\client\assets\provider-icons
[debug] [2024-03-20T14:52:35.269Z] [unzip] deflating: C:\Users\48600\.cache\firebase\emulators\ui-v1.11.8\client\assets\provider-icons\auth_service_play_games.svg
[debug] [2024-03-20T14:52:35.270Z] [unzip] Entry: client/assets/provider-icons/auth_service_github.svg (compressed_size=466 bytes, uncompressed_size=838 bytes)
[debug] [2024-03-20T14:52:35.270Z] [unzip] Processing entry: client\assets\provider-icons\auth_service_github.svg
[debug] [2024-03-20T14:52:35.270Z] [unzip] else mkdir: C:\Users\48600\.cache\firebase\emulators\ui-v1.11.8\client\assets\provider-icons
[debug] [2024-03-20T14:52:35.270Z] [unzip] deflating: C:\Users\48600\.cache\firebase\emulators\ui-v1.11.8\client\assets\provider-icons\auth_service_github.svg
[debug] [2024-03-20T14:52:35.271Z] [unzip] Entry: client/assets/provider-icons/auth_service_apple.svg (compressed_size=230 bytes, uncompressed_size=334 bytes)
[debug] [2024-03-20T14:52:35.271Z] [unzip] Processing entry: client\assets\provider-icons\auth_service_apple.svg
[debug] [2024-03-20T14:52:35.271Z] [unzip] else mkdir: C:\Users\48600\.cache\firebase\emulators\ui-v1.11.8\client\assets\provider-icons
[debug] [2024-03-20T14:52:35.272Z] [unzip] deflating: C:\Users\48600\.cache\firebase\emulators\ui-v1.11.8\client\assets\provider-icons\auth_service_apple.svg
[debug] [2024-03-20T14:52:35.273Z] [unzip] Entry: client/assets/provider-icons/auth_service_google.svg (compressed_size=409 bytes, uncompressed_size=720 bytes)
[debug] [2024-03-20T14:52:35.273Z] [unzip] Processing entry: client\assets\provider-icons\auth_service_google.svg
[debug] [2024-03-20T14:52:35.273Z] [unzip] else mkdir: C:\Users\48600\.cache\firebase\emulators\ui-v1.11.8\client\assets\provider-icons
[debug] [2024-03-20T14:52:35.273Z] [unzip] deflating: C:\Users\48600\.cache\firebase\emulators\ui-v1.11.8\client\assets\provider-icons\auth_service_google.svg
[debug] [2024-03-20T14:52:35.274Z] [unzip] Entry: client/assets/provider-icons/auth_service_email.svg (compressed_size=228 bytes, uncompressed_size=326 bytes)
[debug] [2024-03-20T14:52:35.274Z] [unzip] Processing entry: client\assets\provider-icons\auth_service_email.svg
[debug] [2024-03-20T14:52:35.274Z] [unzip] else mkdir: C:\Users\48600\.cache\firebase\emulators\ui-v1.11.8\client\assets\provider-icons
[debug] [2024-03-20T14:52:35.274Z] [unzip] deflating: C:\Users\48600\.cache\firebase\emulators\ui-v1.11.8\client\assets\provider-icons\auth_service_email.svg
[debug] [2024-03-20T14:52:35.276Z] [unzip] Entry: client/assets/provider-icons/auth_service_twitter.svg (compressed_size=444 bytes, uncompressed_size=751 bytes)
[debug] [2024-03-20T14:52:35.276Z] [unzip] Processing entry: client\assets\provider-icons\auth_service_twitter.svg
[debug] [2024-03-20T14:52:35.276Z] [unzip] else mkdir: C:\Users\48600\.cache\firebase\emulators\ui-v1.11.8\client\assets\provider-icons
[debug] [2024-03-20T14:52:35.276Z] [unzip] deflating: C:\Users\48600\.cache\firebase\emulators\ui-v1.11.8\client\assets\provider-icons\auth_service_twitter.svg
[debug] [2024-03-20T14:52:35.277Z] [unzip] Entry: client/assets/provider-icons/auth_service_game_center.svg (compressed_size=991 bytes, uncompressed_size=3921 bytes)
[debug] [2024-03-20T14:52:35.277Z] [unzip] Processing entry: client\assets\provider-icons\auth_service_game_center.svg
[debug] [2024-03-20T14:52:35.277Z] [unzip] else mkdir: C:\Users\48600\.cache\firebase\emulators\ui-v1.11.8\client\assets\provider-icons
[debug] [2024-03-20T14:52:35.277Z] [unzip] deflating: C:\Users\48600\.cache\firebase\emulators\ui-v1.11.8\client\assets\provider-icons\auth_service_game_center.svg
[debug] [2024-03-20T14:52:35.278Z] [unzip] Entry: client/assets/img/ (compressed_size=0 bytes, uncompressed_size=0 bytes)
[debug] [2024-03-20T14:52:35.278Z] [unzip] Processing entry: client\assets\img\
[debug] [2024-03-20T14:52:35.278Z] [unzip] mkdir: C:\Users\48600\.cache\firebase\emulators\ui-v1.11.8\client\assets\img\
[debug] [2024-03-20T14:52:35.279Z] [unzip] Entry: client/assets/img/database.png (compressed_size=29449 bytes, uncompressed_size=29988 bytes)
[debug] [2024-03-20T14:52:35.279Z] [unzip] Processing entry: client\assets\img\database.png
[debug] [2024-03-20T14:52:35.279Z] [unzip] else mkdir: C:\Users\48600\.cache\firebase\emulators\ui-v1.11.8\client\assets\img
[debug] [2024-03-20T14:52:35.279Z] [unzip] deflating: C:\Users\48600\.cache\firebase\emulators\ui-v1.11.8\client\assets\img\database.png
[debug] [2024-03-20T14:52:35.280Z] [unzip] Entry: client/assets/index-Cj5I7867.css (compressed_size=35786 bytes, uncompressed_size=297937 bytes)
[debug] [2024-03-20T14:52:35.280Z] [unzip] Processing entry: client\assets\index-Cj5I7867.css
[debug] [2024-03-20T14:52:35.280Z] [unzip] else mkdir: C:\Users\48600\.cache\firebase\emulators\ui-v1.11.8\client\assets
[debug] [2024-03-20T14:52:35.281Z] [unzip] deflating: C:\Users\48600\.cache\firebase\emulators\ui-v1.11.8\client\assets\index-Cj5I7867.css
[debug] [2024-03-20T14:52:35.283Z] [unzip] Entry: client/assets/index-Z4-ilXvq.js (compressed_size=563876 bytes, uncompressed_size=2021818 bytes)
[debug] [2024-03-20T14:52:35.283Z] [unzip] Processing entry: client\assets\index-Z4-ilXvq.js
[debug] [2024-03-20T14:52:35.283Z] [unzip] else mkdir: C:\Users\48600\.cache\firebase\emulators\ui-v1.11.8\client\assets
[debug] [2024-03-20T14:52:35.283Z] [unzip] deflating: C:\Users\48600\.cache\firebase\emulators\ui-v1.11.8\client\assets\index-Z4-ilXvq.js
[debug] [2024-03-20T14:52:35.294Z] [unzip] Entry: client/safari-pinned-tab.svg (compressed_size=838 bytes, uncompressed_size=1504 bytes)
[debug] [2024-03-20T14:52:35.294Z] [unzip] Processing entry: client\safari-pinned-tab.svg
[debug] [2024-03-20T14:52:35.294Z] [unzip] else mkdir: C:\Users\48600\.cache\firebase\emulators\ui-v1.11.8\client
[debug] [2024-03-20T14:52:35.294Z] [unzip] deflating: C:\Users\48600\.cache\firebase\emulators\ui-v1.11.8\client\safari-pinned-tab.svg
[debug] [2024-03-20T14:52:35.295Z] [unzip] Entry: client/mstile-150x150.png (compressed_size=5406 bytes, uncompressed_size=5723 bytes)
[debug] [2024-03-20T14:52:35.295Z] [unzip] Processing entry: client\mstile-150x150.png
[debug] [2024-03-20T14:52:35.295Z] [unzip] else mkdir: C:\Users\48600\.cache\firebase\emulators\ui-v1.11.8\client
[debug] [2024-03-20T14:52:35.295Z] [unzip] deflating: C:\Users\48600\.cache\firebase\emulators\ui-v1.11.8\client\mstile-150x150.png
[debug] [2024-03-20T14:52:35.296Z] [unzip] Entry: client/browserconfig.xml (compressed_size=491 bytes, uncompressed_size=822 bytes)
[debug] [2024-03-20T14:52:35.296Z] [unzip] Processing entry: client\browserconfig.xml
[debug] [2024-03-20T14:52:35.297Z] [unzip] else mkdir: C:\Users\48600\.cache\firebase\emulators\ui-v1.11.8\client
[debug] [2024-03-20T14:52:35.297Z] [unzip] deflating: C:\Users\48600\.cache\firebase\emulators\ui-v1.11.8\client\browserconfig.xml
[debug] [2024-03-20T14:52:35.298Z] [unzip] Entry: client/robots.txt (compressed_size=26 bytes, uncompressed_size=26 bytes)
[debug] [2024-03-20T14:52:35.298Z] [unzip] Processing entry: client\robots.txt
[debug] [2024-03-20T14:52:35.298Z] [unzip] else mkdir: C:\Users\48600\.cache\firebase\emulators\ui-v1.11.8\client
[debug] [2024-03-20T14:52:35.298Z] [unzip] Writing file: C:\Users\48600\.cache\firebase\emulators\ui-v1.11.8\client\robots.txt
[debug] [2024-03-20T14:52:35.299Z] [unzip] Entry: client/index.html (compressed_size=1365 bytes, uncompressed_size=3071 bytes)
[debug] [2024-03-20T14:52:35.299Z] [unzip] Processing entry: client\index.html
[debug] [2024-03-20T14:52:35.299Z] [unzip] else mkdir: C:\Users\48600\.cache\firebase\emulators\ui-v1.11.8\client
[debug] [2024-03-20T14:52:35.299Z] [unzip] deflating: C:\Users\48600\.cache\firebase\emulators\ui-v1.11.8\client\index.html
[debug] [2024-03-20T14:52:35.300Z] [unzip] Entry: client/favicon-16x16.png (compressed_size=757 bytes, uncompressed_size=777 bytes)
[debug] [2024-03-20T14:52:35.300Z] [unzip] Processing entry: client\favicon-16x16.png
[debug] [2024-03-20T14:52:35.300Z] [unzip] else mkdir: C:\Users\48600\.cache\firebase\emulators\ui-v1.11.8\client
[debug] [2024-03-20T14:52:35.301Z] [unzip] deflating: C:\Users\48600\.cache\firebase\emulators\ui-v1.11.8\client\favicon-16x16.png
[debug] [2024-03-20T14:52:35.302Z] [unzip] Entry: client/manifest.json (compressed_size=246 bytes, uncompressed_size=551 bytes)
[debug] [2024-03-20T14:52:35.302Z] [unzip] Processing entry: client\manifest.json
[debug] [2024-03-20T14:52:35.302Z] [unzip] else mkdir: C:\Users\48600\.cache\firebase\emulators\ui-v1.11.8\client
[debug] [2024-03-20T14:52:35.302Z] [unzip] deflating: C:\Users\48600\.cache\firebase\emulators\ui-v1.11.8\client\manifest.json
[debug] [2024-03-20T14:52:35.303Z] [unzip] Entry: client/favicon-32x32.png (compressed_size=1175 bytes, uncompressed_size=1175 bytes)
[debug] [2024-03-20T14:52:35.303Z] [unzip] Processing entry: client\favicon-32x32.png
[debug] [2024-03-20T14:52:35.303Z] [unzip] else mkdir: C:\Users\48600\.cache\firebase\emulators\ui-v1.11.8\client
[debug] [2024-03-20T14:52:35.303Z] [unzip] Writing file: C:\Users\48600\.cache\firebase\emulators\ui-v1.11.8\client\favicon-32x32.png
[debug] [2024-03-20T14:52:35.304Z] [unzip] Entry: client/android-chrome-192x192.png (compressed_size=7602 bytes, uncompressed_size=7834 bytes)
[debug] [2024-03-20T14:52:35.304Z] [unzip] Processing entry: client\android-chrome-192x192.png
[debug] [2024-03-20T14:52:35.304Z] [unzip] else mkdir: C:\Users\48600\.cache\firebase\emulators\ui-v1.11.8\client
[debug] [2024-03-20T14:52:35.304Z] [unzip] deflating: C:\Users\48600\.cache\firebase\emulators\ui-v1.11.8\client\android-chrome-192x192.png
[debug] [2024-03-20T14:52:35.305Z] [unzip] Entry: server/ (compressed_size=0 bytes, uncompressed_size=0 bytes)
[debug] [2024-03-20T14:52:35.305Z] [unzip] Processing entry: server\
[debug] [2024-03-20T14:52:35.305Z] [unzip] mkdir: C:\Users\48600\.cache\firebase\emulators\ui-v1.11.8\server\
[debug] [2024-03-20T14:52:35.306Z] [unzip] Entry: server/server.mjs (compressed_size=311497 bytes, uncompressed_size=1147307 bytes)
[debug] [2024-03-20T14:52:35.306Z] [unzip] Processing entry: server\server.mjs
[debug] [2024-03-20T14:52:35.306Z] [unzip] else mkdir: C:\Users\48600\.cache\firebase\emulators\ui-v1.11.8\server
[debug] [2024-03-20T14:52:35.306Z] [unzip] deflating: C:\Users\48600\.cache\firebase\emulators\ui-v1.11.8\server\server.mjs
[debug] [2024-03-20T14:52:35.312Z] [unzip] Entry: server/assets/ (compressed_size=0 bytes, uncompressed_size=0 bytes)
[debug] [2024-03-20T14:52:35.312Z] [unzip] Processing entry: server\assets\
[debug] [2024-03-20T14:52:35.312Z] [unzip] mkdir: C:\Users\48600\.cache\firebase\emulators\ui-v1.11.8\server\assets\
[debug] [2024-03-20T14:52:35.313Z] [unzip] Entry: server/assets/multipart-parser-n20ATYm_.mjs.map (compressed_size=4790 bytes, uncompressed_size=17920 bytes)
[debug] [2024-03-20T14:52:35.313Z] [unzip] Processing entry: server\assets\multipart-parser-n20ATYm_.mjs.map
[debug] [2024-03-20T14:52:35.313Z] [unzip] else mkdir: C:\Users\48600\.cache\firebase\emulators\ui-v1.11.8\server\assets
[debug] [2024-03-20T14:52:35.313Z] [unzip] deflating: C:\Users\48600\.cache\firebase\emulators\ui-v1.11.8\server\assets\multipart-parser-n20ATYm_.mjs.map
[debug] [2024-03-20T14:52:35.314Z] [unzip] Entry: server/assets/multipart-parser-n20ATYm_.mjs (compressed_size=2625 bytes, uncompressed_size=10428 bytes)
[debug] [2024-03-20T14:52:35.314Z] [unzip] Processing entry: server\assets\multipart-parser-n20ATYm_.mjs
[debug] [2024-03-20T14:52:35.314Z] [unzip] else mkdir: C:\Users\48600\.cache\firebase\emulators\ui-v1.11.8\server\assets
[debug] [2024-03-20T14:52:35.314Z] [unzip] deflating: C:\Users\48600\.cache\firebase\emulators\ui-v1.11.8\server\assets\multipart-parser-n20ATYm_.mjs
[debug] [2024-03-20T14:52:35.316Z] [unzip] Entry: server/server.mjs.map (compressed_size=286219 bytes, uncompressed_size=1310517 bytes)
[debug] [2024-03-20T14:52:35.316Z] [unzip] Processing entry: server\server.mjs.map
[debug] [2024-03-20T14:52:35.316Z] [unzip] else mkdir: C:\Users\48600\.cache\firebase\emulators\ui-v1.11.8\server
[debug] [2024-03-20T14:52:35.316Z] [unzip] deflating: C:\Users\48600\.cache\firebase\emulators\ui-v1.11.8\server\server.mjs.map
[debug] [2024-03-20T14:52:35.323Z] Ignoring unsupported arg: auto_download {"metadata":{"emulator":{"name":"ui"},"message":"Ignoring unsupported arg: auto_download"}}
[debug] [2024-03-20T14:52:35.323Z] Ignoring unsupported arg: port {"metadata":{"emulator":{"name":"ui"},"message":"Ignoring unsupported arg: port"}}
[debug] [2024-03-20T14:52:35.324Z] Starting Emulator UI with command {"binary":"node","args":["C:\\Users\\48600\\.cache\\firebase\\emulators\\ui-v1.11.8\\server\\server.mjs"],"optionalArgs":[],"joinArgs":false} {"metadata":{"emulator":{"name":"ui"},"message":"Starting Emulator UI with command {\"binary\":\"node\",\"args\":[\"C:\\\\Users\\\\48600\\\\.cache\\\\firebase\\\\emulators\\\\ui-v1.11.8\\\\server\\\\server.mjs\"],\"optionalArgs\":[],\"joinArgs\":false}"}}
[info] i  ui: Emulator UI logging to ui-debug.log {"metadata":{"emulator":{"name":"ui"},"message":"Emulator UI logging to \u001b[1mui-debug.log\u001b[22m"}}
[debug] [2024-03-20T14:52:35.478Z] Web / API server started at 127.0.0.1:4000
 {"metadata":{"emulator":{"name":"ui"},"message":"Web / API server started at 127.0.0.1:4000\n"}}
[debug] [2024-03-20T14:52:35.479Z] Web / API server started at ::1:4000
 {"metadata":{"emulator":{"name":"ui"},"message":"Web / API server started at ::1:4000\n"}}
[info] i  functions: Watching "C:\Users\48600\Desktop\psychologistWebsite\psychologistWebsite\psychologist-website\.firebase\psychologistwebsite\functions" for Cloud Functions... {"metadata":{"emulator":{"name":"functions"},"message":"Watching \"C:\\Users\\48600\\Desktop\\psychologistWebsite\\psychologistWebsite\\psychologist-website\\.firebase\\psychologistwebsite\\functions\" for Cloud Functions..."}}
[debug] [2024-03-20T14:52:35.612Z] Validating nodejs source
[debug] [2024-03-20T14:52:37.176Z] > [functions] package.json contents: {
  "main": "server.js",
  "dependencies": {
    "firebase-frameworks": "^0.11.0",
    "firebase-functions": "^4.5.0",
    "firebase-admin": "^11.11.1"
  },
  "engines": {
    "node": "20"
  }
}
[debug] [2024-03-20T14:52:37.176Z] Building nodejs source
[debug] [2024-03-20T14:52:37.176Z] Failed to find version of module node: reached end of search path C:\Users\48600\Desktop\psychologistWebsite\psychologistWebsite\psychologist-website\.firebase\psychologistwebsite\functions\node_modules
[info] +  functions: Using node@20 from host. 
[info] i  functions: Loaded environment variables from .env. 
[debug] [2024-03-20T14:52:37.180Z] Could not find functions.yaml. Must use http discovery
[debug] [2024-03-20T14:52:37.186Z] Found firebase-functions binary at 'C:\Users\48600\Desktop\psychologistWebsite\psychologistWebsite\psychologist-website\.firebase\psychologistwebsite\functions\node_modules\.bin\firebase-functions'
[info] Serving at port 8373

[debug] [2024-03-20T14:52:37.759Z] Got response from /__/functions.yaml {"endpoints":{"ssrpsychologistwebsite":{"availableMemoryMb":null,"timeoutSeconds":null,"minInstances":null,"maxInstances":null,"ingressSettings":null,"concurrency":null,"serviceAccountEmail":null,"vpc":null,"platform":"gcfv2","region":["europe-west1"],"labels":{},"httpsTrigger":{},"entryPoint":"ssrpsychologistwebsite"}},"specVersion":"v1alpha1","requiredAPIs":[]}
[info] +  functions: Loaded functions definitions from source: ssrpsychologistwebsite. {"metadata":{"emulator":{"name":"functions"},"message":"Loaded functions definitions from source: ssrpsychologistwebsite."}}
[info] +  functions[europe-west1-ssrpsychologistwebsite]: http function initialized (http://127.0.0.1:5001/psychologistwebsite/europe-west1/ssrpsychologistwebsite). {"metadata":{"emulator":{"name":"functions"},"message":"\u001b[1mhttp\u001b[22m function initialized (http://127.0.0.1:5001/psychologistwebsite/europe-west1/ssrpsychologistwebsite)."}}
[info] 
┌─────────────────────────────────────────────────────────────┐
│ ✔  All emulators ready! It is now safe to connect your app. │
│ i  View Emulator UI at http://127.0.0.1:4000/               │
└─────────────────────────────────────────────────────────────┘

┌────────────────┬────────────────┬─────────────────────────────────┐
│ Emulator       │ Host:Port      │ View in Emulator UI             │
├────────────────┼────────────────┼─────────────────────────────────┤
│ Authentication │ 127.0.0.1:9099 │ http://127.0.0.1:4000/auth      │
├────────────────┼────────────────┼─────────────────────────────────┤
│ Functions      │ 127.0.0.1:5001 │ http://127.0.0.1:4000/functions │
├────────────────┼────────────────┼─────────────────────────────────┤
│ Firestore      │ 127.0.0.1:8080 │ http://127.0.0.1:4000/firestore │
├────────────────┼────────────────┼─────────────────────────────────┤
│ Hosting        │ 127.0.0.1:5000 │ n/a                             │
└────────────────┴────────────────┴─────────────────────────────────┘
  Emulator Hub running at 127.0.0.1:4400
  Other reserved ports: 4500, 9150

Issues? Report them at https://github.com/firebase/firebase-tools/issues and attach the *-debug.log files.
 
